TN:
SF:src\modules\category\services\CreateCategoryService.ts
FN:37,__decorate
FN:37,__metadata
FN:37,__param
FN:37,__awaiter
FN:37,adopt
FN:37,fulfilled
FN:37,rejected
FN:37,step
FN:37,__generator
FN:37,sent
FN:37,g.<computed>
FN:37,verb
FN:37,step
FN:37,__importDefault
FN:14,CreateCategoryService
FN:19,CreateCategoryService.execute
FNF:16
FNH:14
FNDA:3,__decorate
FNDA:3,__metadata
FNDA:3,__param
FNDA:7,__awaiter
FNDA:13,adopt
FNDA:13,fulfilled
FNDA:0,rejected
FNDA:19,step
FNDA:7,__generator
FNDA:13,sent
FNDA:0,g.<computed>
FNDA:21,verb
FNDA:20,step
FNDA:3,__importDefault
FNDA:7,CreateCategoryService
FNDA:7,CreateCategoryService.execute
DA:1,1
DA:2,1
DA:3,1
DA:4,1
DA:5,1
DA:6,1
DA:7,1
DA:8,1
DA:9,1
DA:10,1
DA:11,1
DA:12,1
DA:13,3
DA:14,3
DA:15,7
DA:16,7
DA:17,7
DA:18,3
DA:19,3
DA:20,7
DA:21,7
DA:22,7
DA:23,1
DA:24,1
DA:25,1
DA:26,1
DA:27,6
DA:28,6
DA:29,6
DA:30,6
DA:31,6
DA:32,7
DA:33,7
DA:34,7
DA:35,3
DA:36,1
DA:37,1
LF:37
LH:37
BRDA:37,0,0,3
BRDA:37,1,0,3
BRDA:37,2,0,0
BRDA:37,3,0,0
BRDA:37,4,0,0
BRDA:37,5,0,0
BRDA:37,6,0,3
BRDA:37,7,0,3
BRDA:37,8,0,3
BRDA:37,9,0,7
BRDA:37,10,0,13
BRDA:37,11,0,0
BRDA:37,12,0,7
BRDA:37,13,0,13
BRDA:37,14,0,1
BRDA:37,15,0,19
BRDA:37,16,0,6
BRDA:37,17,0,13
BRDA:37,18,0,7
BRDA:37,19,0,13
BRDA:37,20,0,0
BRDA:37,21,0,21
BRDA:37,22,0,20
BRDA:37,23,0,20
BRDA:37,24,0,0
BRDA:37,25,0,40
BRDA:37,26,0,0
BRDA:37,27,0,0
BRDA:37,28,0,0
BRDA:37,29,0,0
BRDA:37,30,0,20
BRDA:37,31,0,20
BRDA:37,32,0,13
BRDA:37,33,0,0
BRDA:37,34,0,0
BRDA:37,35,0,7
BRDA:37,36,0,0
BRDA:37,37,0,6
BRDA:37,38,0,0
BRDA:37,39,0,0
BRDA:37,40,0,0
BRDA:37,41,0,0
BRDA:37,42,0,20
BRDA:37,43,0,1
BRDA:37,44,0,20
BRDA:37,45,0,7
BRDA:37,46,0,1
BRDA:37,47,0,6
BRDA:37,48,0,0
BRDA:37,49,0,3
BRDA:37,50,0,0
BRDA:13,51,0,3
BRDA:14,52,0,7
BRDA:19,53,0,7
BRDA:37,54,0,7
BRDA:37,55,0,20
BRDA:20,56,0,7
BRDA:37,57,0,7
BRDA:22,58,0,1
BRDA:26,59,0,6
BRDA:37,60,0,6
BRF:61
BRH:41
end_of_record
TN:
SF:src\modules\category\services\RemoveCategoryService.ts
FN:31,__decorate
FN:31,__metadata
FN:31,__param
FN:31,__awaiter
FN:31,adopt
FN:31,fulfilled
FN:31,rejected
FN:31,step
FN:31,__generator
FN:31,sent
FN:31,g.<computed>
FN:31,verb
FN:31,step
FN:31,__importDefault
FN:13,RemoveCategoryService
FN:18,RemoveCategoryService.execute
FNF:16
FNH:14
FNDA:1,__decorate
FNDA:1,__metadata
FNDA:1,__param
FNDA:2,__awaiter
FNDA:3,adopt
FNDA:3,fulfilled
FNDA:0,rejected
FNDA:4,step
FNDA:2,__generator
FNDA:3,sent
FNDA:0,g.<computed>
FNDA:6,verb
FNDA:5,step
FNDA:1,__importDefault
FNDA:2,RemoveCategoryService
FNDA:2,RemoveCategoryService.execute
DA:1,1
DA:2,1
DA:3,1
DA:4,1
DA:5,1
DA:6,1
DA:7,1
DA:8,1
DA:9,1
DA:10,1
DA:11,1
DA:12,1
DA:13,1
DA:14,2
DA:15,2
DA:16,2
DA:17,1
DA:18,1
DA:19,2
DA:20,2
DA:21,2
DA:22,1
DA:23,1
DA:24,1
DA:25,1
DA:26,2
DA:27,2
DA:28,2
DA:29,1
DA:30,1
DA:31,1
LF:31
LH:31
BRDA:31,0,0,1
BRDA:31,1,0,1
BRDA:31,2,0,0
BRDA:31,3,0,0
BRDA:31,4,0,0
BRDA:31,5,0,0
BRDA:31,6,0,1
BRDA:31,7,0,1
BRDA:31,8,0,1
BRDA:31,9,0,2
BRDA:31,10,0,3
BRDA:31,11,0,0
BRDA:31,12,0,2
BRDA:31,13,0,3
BRDA:31,14,0,1
BRDA:31,15,0,4
BRDA:31,16,0,1
BRDA:31,17,0,3
BRDA:31,18,0,2
BRDA:31,19,0,3
BRDA:31,20,0,0
BRDA:31,21,0,6
BRDA:31,22,0,5
BRDA:31,23,0,5
BRDA:31,24,0,0
BRDA:31,25,0,10
BRDA:31,26,0,0
BRDA:31,27,0,0
BRDA:31,28,0,0
BRDA:31,29,0,0
BRDA:31,30,0,5
BRDA:31,31,0,5
BRDA:31,32,0,3
BRDA:31,33,0,0
BRDA:31,34,0,0
BRDA:31,35,0,2
BRDA:31,36,0,0
BRDA:31,37,0,1
BRDA:31,38,0,0
BRDA:31,39,0,0
BRDA:31,40,0,0
BRDA:31,41,0,0
BRDA:31,42,0,5
BRDA:31,43,0,1
BRDA:31,44,0,5
BRDA:31,45,0,2
BRDA:31,46,0,1
BRDA:31,47,0,0
BRDA:31,48,0,1
BRDA:31,49,0,0
BRDA:12,50,0,1
BRDA:13,51,0,2
BRDA:18,52,0,2
BRDA:31,53,0,2
BRDA:31,54,0,5
BRDA:19,55,0,2
BRDA:31,56,0,2
BRDA:21,57,0,1
BRDA:31,58,0,1
BRF:59
BRH:39
end_of_record
TN:
SF:src\modules\category\services\UpdateCategoryService.ts
FN:40,__decorate
FN:40,__metadata
FN:40,__param
FN:40,__awaiter
FN:40,adopt
FN:40,fulfilled
FN:40,rejected
FN:40,step
FN:40,__generator
FN:40,sent
FN:40,g.<computed>
FN:40,verb
FN:40,step
FN:40,__importDefault
FN:14,UpdateCategoryService
FN:19,UpdateCategoryService.execute
FNF:16
FNH:14
FNDA:1,__decorate
FNDA:1,__metadata
FNDA:1,__param
FNDA:3,__awaiter
FNDA:6,adopt
FNDA:6,fulfilled
FNDA:0,rejected
FNDA:7,step
FNDA:3,__generator
FNDA:6,sent
FNDA:0,g.<computed>
FNDA:9,verb
FNDA:9,step
FNDA:1,__importDefault
FNDA:3,UpdateCategoryService
FNDA:3,UpdateCategoryService.execute
DA:1,1
DA:2,1
DA:3,1
DA:4,1
DA:5,1
DA:6,1
DA:7,1
DA:8,1
DA:9,1
DA:10,1
DA:11,1
DA:12,1
DA:13,1
DA:14,1
DA:15,3
DA:16,3
DA:17,3
DA:18,1
DA:19,1
DA:20,3
DA:21,3
DA:22,3
DA:23,1
DA:24,1
DA:25,2
DA:26,2
DA:27,3
DA:28,3
DA:29,1
DA:30,1
DA:31,1
DA:32,1
DA:33,1
DA:34,1
DA:35,3
DA:36,3
DA:37,3
DA:38,1
DA:39,1
DA:40,1
LF:40
LH:40
BRDA:40,0,0,1
BRDA:40,1,0,1
BRDA:40,2,0,0
BRDA:40,3,0,0
BRDA:40,4,0,0
BRDA:40,5,0,0
BRDA:40,6,0,1
BRDA:40,7,0,1
BRDA:40,8,0,1
BRDA:40,9,0,3
BRDA:40,10,0,6
BRDA:40,11,0,0
BRDA:40,12,0,3
BRDA:40,13,0,6
BRDA:40,14,0,2
BRDA:40,15,0,7
BRDA:40,16,0,1
BRDA:40,17,0,6
BRDA:40,18,0,3
BRDA:40,19,0,6
BRDA:40,20,0,0
BRDA:40,21,0,9
BRDA:40,22,0,9
BRDA:40,23,0,9
BRDA:40,24,0,0
BRDA:40,25,0,18
BRDA:40,26,0,0
BRDA:40,27,0,0
BRDA:40,28,0,0
BRDA:40,29,0,0
BRDA:40,30,0,9
BRDA:40,31,0,9
BRDA:40,32,0,6
BRDA:40,33,0,0
BRDA:40,34,0,0
BRDA:40,35,0,3
BRDA:40,36,0,0
BRDA:40,37,0,1
BRDA:40,38,0,0
BRDA:40,39,0,0
BRDA:40,40,0,0
BRDA:40,41,0,0
BRDA:40,42,0,9
BRDA:40,43,0,2
BRDA:40,44,0,9
BRDA:40,45,0,3
BRDA:40,46,0,2
BRDA:40,47,0,1
BRDA:40,48,0,0
BRDA:40,49,0,1
BRDA:40,50,0,0
BRDA:13,51,0,1
BRDA:14,52,0,3
BRDA:19,53,0,3
BRDA:40,54,0,3
BRDA:40,55,0,9
BRDA:20,56,0,3
BRDA:40,57,0,3
BRDA:22,58,0,1
BRDA:24,59,0,2
BRDA:40,60,0,2
BRDA:28,61,0,1
BRDA:28,62,0,1
BRDA:40,63,0,1
BRF:64
BRH:44
end_of_record
TN:
SF:src\modules\product\services\CreateProductService.ts
FN:55,__decorate
FN:55,__metadata
FN:55,__param
FN:55,__awaiter
FN:55,adopt
FN:55,fulfilled
FN:55,rejected
FN:55,step
FN:55,__generator
FN:55,sent
FN:55,g.<computed>
FN:55,verb
FN:55,step
FN:55,__importDefault
FN:18,CreateProductService
FN:23,CreateProductService.execute
FNF:16
FNH:14
FNDA:3,__decorate
FNDA:3,__metadata
FNDA:3,__param
FNDA:5,__awaiter
FNDA:9,adopt
FNDA:9,fulfilled
FNDA:0,rejected
FNDA:13,step
FNDA:5,__generator
FNDA:9,sent
FNDA:0,g.<computed>
FNDA:15,verb
FNDA:14,step
FNDA:3,__importDefault
FNDA:6,CreateProductService
FNDA:5,CreateProductService.execute
DA:1,1
DA:2,1
DA:3,1
DA:4,1
DA:5,1
DA:6,1
DA:7,1
DA:8,1
DA:9,1
DA:10,1
DA:11,1
DA:12,1
DA:13,1
DA:14,1
DA:15,1
DA:16,1
DA:17,3
DA:18,3
DA:19,6
DA:20,6
DA:21,6
DA:22,3
DA:23,3
DA:24,5
DA:25,5
DA:26,5
DA:27,5
DA:28,5
DA:29,5
DA:30,5
DA:31,5
DA:32,5
DA:33,5
DA:34,5
DA:35,5
DA:36,5
DA:37,1
DA:38,1
DA:39,1
DA:40,1
DA:41,4
DA:42,4
DA:43,4
DA:44,4
DA:45,4
DA:46,4
DA:47,4
DA:48,4
DA:49,4
DA:50,5
DA:51,5
DA:52,5
DA:53,3
DA:54,1
DA:55,1
LF:55
LH:55
BRDA:55,0,0,3
BRDA:55,1,0,3
BRDA:55,2,0,0
BRDA:55,3,0,0
BRDA:55,4,0,0
BRDA:55,5,0,0
BRDA:55,6,0,3
BRDA:55,7,0,3
BRDA:55,8,0,3
BRDA:55,9,0,5
BRDA:55,10,0,9
BRDA:55,11,0,0
BRDA:55,12,0,5
BRDA:55,13,0,9
BRDA:55,14,0,1
BRDA:55,15,0,13
BRDA:55,16,0,4
BRDA:55,17,0,9
BRDA:55,18,0,5
BRDA:55,19,0,9
BRDA:55,20,0,0
BRDA:55,21,0,15
BRDA:55,22,0,14
BRDA:55,23,0,14
BRDA:55,24,0,0
BRDA:55,25,0,28
BRDA:55,26,0,0
BRDA:55,27,0,0
BRDA:55,28,0,0
BRDA:55,29,0,0
BRDA:55,30,0,14
BRDA:55,31,0,14
BRDA:55,32,0,9
BRDA:55,33,0,0
BRDA:55,34,0,0
BRDA:55,35,0,5
BRDA:55,36,0,0
BRDA:55,37,0,4
BRDA:55,38,0,0
BRDA:55,39,0,0
BRDA:55,40,0,0
BRDA:55,41,0,0
BRDA:55,42,0,14
BRDA:55,43,0,1
BRDA:55,44,0,14
BRDA:55,45,0,5
BRDA:55,46,0,1
BRDA:55,47,0,4
BRDA:55,48,0,0
BRDA:55,49,0,3
BRDA:55,50,0,0
BRDA:17,51,0,3
BRDA:18,52,0,6
BRDA:23,53,0,5
BRDA:55,54,0,5
BRDA:55,55,0,14
BRDA:31,56,0,5
BRDA:55,57,0,5
BRDA:36,58,0,1
BRDA:40,59,0,4
BRDA:55,60,0,4
BRF:61
BRH:41
end_of_record
TN:
SF:src\modules\product\services\RemoveProductService.ts
FN:37,__decorate
FN:37,__metadata
FN:37,__param
FN:37,__awaiter
FN:37,adopt
FN:37,fulfilled
FN:37,rejected
FN:37,step
FN:37,__generator
FN:37,sent
FN:37,g.<computed>
FN:37,verb
FN:37,step
FN:37,__importDefault
FN:13,RemoveProductService
FN:18,RemoveProductService.execute
FNF:16
FNH:14
FNDA:1,__decorate
FNDA:1,__metadata
FNDA:1,__param
FNDA:2,__awaiter
FNDA:3,adopt
FNDA:3,fulfilled
FNDA:0,rejected
FNDA:4,step
FNDA:2,__generator
FNDA:3,sent
FNDA:0,g.<computed>
FNDA:6,verb
FNDA:5,step
FNDA:1,__importDefault
FNDA:2,RemoveProductService
FNDA:2,RemoveProductService.execute
DA:1,1
DA:2,1
DA:3,1
DA:4,1
DA:5,1
DA:6,1
DA:7,1
DA:8,1
DA:9,1
DA:10,1
DA:11,1
DA:12,1
DA:13,1
DA:14,2
DA:15,2
DA:16,2
DA:17,1
DA:18,1
DA:19,2
DA:20,2
DA:21,2
DA:22,2
DA:23,2
DA:24,2
DA:25,2
DA:26,1
DA:27,1
DA:28,1
DA:29,1
DA:30,1
DA:31,1
DA:32,2
DA:33,2
DA:34,2
DA:35,1
DA:36,1
DA:37,1
LF:37
LH:37
BRDA:37,0,0,1
BRDA:37,1,0,1
BRDA:37,2,0,0
BRDA:37,3,0,0
BRDA:37,4,0,0
BRDA:37,5,0,0
BRDA:37,6,0,1
BRDA:37,7,0,1
BRDA:37,8,0,1
BRDA:37,9,0,2
BRDA:37,10,0,3
BRDA:37,11,0,0
BRDA:37,12,0,2
BRDA:37,13,0,3
BRDA:37,14,0,1
BRDA:37,15,0,4
BRDA:37,16,0,1
BRDA:37,17,0,3
BRDA:37,18,0,2
BRDA:37,19,0,3
BRDA:37,20,0,0
BRDA:37,21,0,6
BRDA:37,22,0,5
BRDA:37,23,0,5
BRDA:37,24,0,0
BRDA:37,25,0,10
BRDA:37,26,0,0
BRDA:37,27,0,0
BRDA:37,28,0,0
BRDA:37,29,0,0
BRDA:37,30,0,5
BRDA:37,31,0,5
BRDA:37,32,0,3
BRDA:37,33,0,0
BRDA:37,34,0,0
BRDA:37,35,0,2
BRDA:37,36,0,0
BRDA:37,37,0,1
BRDA:37,38,0,0
BRDA:37,39,0,0
BRDA:37,40,0,0
BRDA:37,41,0,0
BRDA:37,42,0,5
BRDA:37,43,0,1
BRDA:37,44,0,5
BRDA:37,45,0,2
BRDA:37,46,0,1
BRDA:37,47,0,0
BRDA:37,48,0,1
BRDA:37,49,0,0
BRDA:12,50,0,1
BRDA:13,51,0,2
BRDA:18,52,0,2
BRDA:37,53,0,2
BRDA:37,54,0,5
BRDA:21,55,0,2
BRDA:37,56,0,2
BRDA:25,57,0,1
BRDA:37,58,0,1
BRF:59
BRH:39
end_of_record
TN:
SF:src\modules\product\services\UpdateProductService.ts
FN:47,__decorate
FN:47,__metadata
FN:47,__param
FN:47,__awaiter
FN:47,adopt
FN:47,fulfilled
FN:47,rejected
FN:47,step
FN:47,__generator
FN:47,sent
FN:47,g.<computed>
FN:47,verb
FN:47,step
FN:47,__importDefault
FN:18,UpdateProductService
FN:23,UpdateProductService.execute
FNF:16
FNH:14
FNDA:1,__decorate
FNDA:1,__metadata
FNDA:1,__param
FNDA:2,__awaiter
FNDA:3,adopt
FNDA:3,fulfilled
FNDA:0,rejected
FNDA:4,step
FNDA:2,__generator
FNDA:3,sent
FNDA:0,g.<computed>
FNDA:6,verb
FNDA:5,step
FNDA:1,__importDefault
FNDA:2,UpdateProductService
FNDA:2,UpdateProductService.execute
DA:1,1
DA:2,1
DA:3,1
DA:4,1
DA:5,1
DA:6,1
DA:7,1
DA:8,1
DA:9,1
DA:10,1
DA:11,1
DA:12,1
DA:13,1
DA:14,1
DA:15,1
DA:16,1
DA:17,1
DA:18,1
DA:19,2
DA:20,2
DA:21,2
DA:22,1
DA:23,1
DA:24,2
DA:25,2
DA:26,2
DA:27,2
DA:28,2
DA:29,2
DA:30,2
DA:31,2
DA:32,2
DA:33,2
DA:34,1
DA:35,1
DA:36,1
DA:37,1
DA:38,1
DA:39,1
DA:40,1
DA:41,1
DA:42,1
DA:43,1
DA:44,2
DA:45,1
DA:46,1
DA:47,1
LF:47
LH:47
BRDA:47,0,0,1
BRDA:47,1,0,1
BRDA:47,2,0,0
BRDA:47,3,0,0
BRDA:47,4,0,0
BRDA:47,5,0,0
BRDA:47,6,0,1
BRDA:47,7,0,1
BRDA:47,8,0,1
BRDA:47,9,0,2
BRDA:47,10,0,3
BRDA:47,11,0,0
BRDA:47,12,0,2
BRDA:47,13,0,3
BRDA:47,14,0,1
BRDA:47,15,0,4
BRDA:47,16,0,1
BRDA:47,17,0,3
BRDA:47,18,0,2
BRDA:47,19,0,3
BRDA:47,20,0,0
BRDA:47,21,0,6
BRDA:47,22,0,5
BRDA:47,23,0,5
BRDA:47,24,0,0
BRDA:47,25,0,10
BRDA:47,26,0,0
BRDA:47,27,0,0
BRDA:47,28,0,0
BRDA:47,29,0,0
BRDA:47,30,0,5
BRDA:47,31,0,5
BRDA:47,32,0,3
BRDA:47,33,0,0
BRDA:47,34,0,0
BRDA:47,35,0,2
BRDA:47,36,0,0
BRDA:47,37,0,1
BRDA:47,38,0,0
BRDA:47,39,0,0
BRDA:47,40,0,0
BRDA:47,41,0,0
BRDA:47,42,0,5
BRDA:47,43,0,1
BRDA:47,44,0,5
BRDA:47,45,0,2
BRDA:47,46,0,1
BRDA:47,47,0,0
BRDA:47,48,0,1
BRDA:47,49,0,0
BRDA:17,50,0,1
BRDA:18,51,0,2
BRDA:23,52,0,2
BRDA:47,53,0,2
BRDA:47,54,0,5
BRDA:31,55,0,2
BRDA:47,56,0,2
BRDA:33,57,0,1
BRDA:43,58,0,1
BRF:59
BRH:39
end_of_record
TN:
SF:src\modules\user\services\AuthenticateUserService.ts
FN:60,__decorate
FN:60,__metadata
FN:60,__param
FN:60,__awaiter
FN:60,adopt
FN:60,fulfilled
FN:60,rejected
FN:60,step
FN:60,__generator
FN:60,sent
FN:60,g.<computed>
FN:60,verb
FN:60,step
FN:60,__importDefault
FN:25,AuthenticateUserService
FN:33,AuthenticateUserService.execute
FNF:16
FNH:14
FNDA:1,__decorate
FNDA:1,__metadata
FNDA:2,__param
FNDA:3,__awaiter
FNDA:5,adopt
FNDA:5,fulfilled
FNDA:0,rejected
FNDA:6,step
FNDA:3,__generator
FNDA:5,sent
FNDA:0,g.<computed>
FNDA:9,verb
FNDA:8,step
FNDA:2,__importDefault
FNDA:3,AuthenticateUserService
FNDA:3,AuthenticateUserService.execute
DA:1,1
DA:2,1
DA:3,1
DA:4,1
DA:5,1
DA:6,1
DA:7,1
DA:8,1
DA:9,1
DA:10,1
DA:11,1
DA:12,1
DA:13,1
DA:14,1
DA:15,1
DA:16,1
DA:17,1
DA:18,1
DA:19,1
DA:20,1
DA:21,1
DA:22,1
DA:23,1
DA:24,1
DA:25,1
DA:26,3
DA:27,3
DA:28,3
DA:29,3
DA:30,3
DA:31,3
DA:32,1
DA:33,1
DA:34,3
DA:35,3
DA:36,3
DA:37,1
DA:38,1
DA:39,2
DA:40,2
DA:41,2
DA:42,2
DA:43,2
DA:44,3
DA:45,3
DA:46,1
DA:47,1
DA:48,1
DA:49,1
DA:50,1
DA:51,1
DA:52,1
DA:53,1
DA:54,1
DA:55,1
DA:56,1
DA:57,3
DA:58,1
DA:59,1
DA:60,1
LF:60
LH:60
BRDA:60,0,0,1
BRDA:60,1,0,1
BRDA:60,2,0,0
BRDA:60,3,0,0
BRDA:60,4,0,0
BRDA:60,5,0,0
BRDA:60,6,0,1
BRDA:60,7,0,2
BRDA:60,8,0,2
BRDA:60,9,0,3
BRDA:60,10,0,5
BRDA:60,11,0,0
BRDA:60,12,0,3
BRDA:60,13,0,5
BRDA:60,14,0,2
BRDA:60,15,0,6
BRDA:60,16,0,1
BRDA:60,17,0,5
BRDA:60,18,0,3
BRDA:60,19,0,5
BRDA:60,20,0,0
BRDA:60,21,0,9
BRDA:60,22,0,8
BRDA:60,23,0,8
BRDA:60,24,0,0
BRDA:60,25,0,16
BRDA:60,26,0,0
BRDA:60,27,0,0
BRDA:60,28,0,0
BRDA:60,29,0,0
BRDA:60,30,0,8
BRDA:60,31,0,8
BRDA:60,32,0,5
BRDA:60,33,0,0
BRDA:60,34,0,0
BRDA:60,35,0,3
BRDA:60,36,0,0
BRDA:60,37,0,1
BRDA:60,38,0,0
BRDA:60,39,0,0
BRDA:60,40,0,0
BRDA:60,41,0,0
BRDA:60,42,0,8
BRDA:60,43,0,2
BRDA:60,44,0,8
BRDA:60,45,0,3
BRDA:60,46,0,2
BRDA:60,47,0,1
BRDA:60,48,0,0
BRDA:60,49,0,2
BRDA:60,50,0,0
BRDA:24,51,0,1
BRDA:25,52,0,3
BRDA:33,53,0,3
BRDA:60,54,0,3
BRDA:60,55,0,8
BRDA:34,56,0,3
BRDA:60,57,0,3
BRDA:36,58,0,1
BRDA:38,59,0,2
BRDA:60,60,0,2
BRDA:45,61,0,1
BRF:62
BRH:42
end_of_record
TN:
SF:src\modules\user\services\CreateUserService.ts
FN:45,__decorate
FN:45,__metadata
FN:45,__param
FN:45,__awaiter
FN:45,adopt
FN:45,fulfilled
FN:45,rejected
FN:45,step
FN:45,__generator
FN:45,sent
FN:45,g.<computed>
FN:45,verb
FN:45,step
FN:45,__importDefault
FN:18,CreateUserService
FN:26,CreateUserService.excute
FNF:16
FNH:14
FNDA:2,__decorate
FNDA:2,__metadata
FNDA:4,__param
FNDA:5,__awaiter
FNDA:13,adopt
FNDA:13,fulfilled
FNDA:0,rejected
FNDA:17,step
FNDA:5,__generator
FNDA:13,sent
FNDA:0,g.<computed>
FNDA:15,verb
FNDA:18,step
FNDA:2,__importDefault
FNDA:5,CreateUserService
FNDA:5,CreateUserService.excute
DA:1,1
DA:2,1
DA:3,1
DA:4,1
DA:5,1
DA:6,1
DA:7,1
DA:8,1
DA:9,1
DA:10,1
DA:11,1
DA:12,1
DA:13,1
DA:14,1
DA:15,1
DA:16,1
DA:17,2
DA:18,2
DA:19,5
DA:20,5
DA:21,5
DA:22,5
DA:23,5
DA:24,5
DA:25,2
DA:26,2
DA:27,5
DA:28,5
DA:29,5
DA:30,1
DA:31,1
DA:32,4
DA:33,4
DA:34,5
DA:35,5
DA:36,5
DA:37,5
DA:38,5
DA:39,5
DA:40,5
DA:41,5
DA:42,5
DA:43,2
DA:44,1
DA:45,1
LF:45
LH:45
BRDA:45,0,0,2
BRDA:45,1,0,2
BRDA:45,2,0,0
BRDA:45,3,0,0
BRDA:45,4,0,0
BRDA:45,5,0,0
BRDA:45,6,0,2
BRDA:45,7,0,4
BRDA:45,8,0,4
BRDA:45,9,0,5
BRDA:45,10,0,13
BRDA:45,11,0,0
BRDA:45,12,0,5
BRDA:45,13,0,13
BRDA:45,14,0,1
BRDA:45,15,0,17
BRDA:45,16,0,4
BRDA:45,17,0,13
BRDA:45,18,0,5
BRDA:45,19,0,13
BRDA:45,20,0,0
BRDA:45,21,0,15
BRDA:45,22,0,18
BRDA:45,23,0,18
BRDA:45,24,0,0
BRDA:45,25,0,36
BRDA:45,26,0,0
BRDA:45,27,0,0
BRDA:45,28,0,0
BRDA:45,29,0,0
BRDA:45,30,0,18
BRDA:45,31,0,18
BRDA:45,32,0,13
BRDA:45,33,0,0
BRDA:45,34,0,0
BRDA:45,35,0,5
BRDA:45,36,0,0
BRDA:45,37,0,4
BRDA:45,38,0,0
BRDA:45,39,0,0
BRDA:45,40,0,0
BRDA:45,41,0,0
BRDA:45,42,0,18
BRDA:45,43,0,1
BRDA:45,44,0,18
BRDA:45,45,0,5
BRDA:45,46,0,1
BRDA:45,47,0,4
BRDA:45,48,0,0
BRDA:45,49,0,2
BRDA:45,50,0,0
BRDA:17,51,0,2
BRDA:18,52,0,5
BRDA:26,53,0,5
BRDA:45,54,0,5
BRDA:45,55,0,18
BRDA:27,56,0,5
BRDA:45,57,0,5
BRDA:29,58,0,1
BRDA:31,59,0,4
BRDA:45,60,0,4
BRDA:45,61,0,4
BRF:62
BRH:42
end_of_record
TN:
SF:src\modules\user\services\ShowProfileService.ts
FN:28,__decorate
FN:28,__metadata
FN:28,__param
FN:28,__awaiter
FN:28,adopt
FN:28,fulfilled
FN:28,rejected
FN:28,step
FN:28,__generator
FN:28,sent
FN:28,g.<computed>
FN:28,verb
FN:28,step
FN:28,__importDefault
FN:12,ShowProfileService
FN:17,ShowProfileService.execute
FNF:16
FNH:14
FNDA:1,__decorate
FNDA:1,__metadata
FNDA:1,__param
FNDA:2,__awaiter
FNDA:2,adopt
FNDA:2,fulfilled
FNDA:0,rejected
FNDA:3,step
FNDA:2,__generator
FNDA:2,sent
FNDA:0,g.<computed>
FNDA:6,verb
FNDA:4,step
FNDA:1,__importDefault
FNDA:2,ShowProfileService
FNDA:2,ShowProfileService.execute
DA:1,1
DA:2,1
DA:3,1
DA:4,1
DA:5,1
DA:6,1
DA:7,1
DA:8,1
DA:9,1
DA:10,1
DA:11,1
DA:12,1
DA:13,2
DA:14,2
DA:15,2
DA:16,1
DA:17,1
DA:18,2
DA:19,2
DA:20,2
DA:21,1
DA:22,1
DA:23,1
DA:24,1
DA:25,2
DA:26,1
DA:27,1
DA:28,1
LF:28
LH:28
BRDA:28,0,0,1
BRDA:28,1,0,1
BRDA:28,2,0,0
BRDA:28,3,0,0
BRDA:28,4,0,0
BRDA:28,5,0,0
BRDA:28,6,0,1
BRDA:28,7,0,1
BRDA:28,8,0,1
BRDA:28,9,0,2
BRDA:28,10,0,2
BRDA:28,11,0,0
BRDA:28,12,0,2
BRDA:28,13,0,2
BRDA:28,14,0,1
BRDA:28,15,0,3
BRDA:28,16,0,1
BRDA:28,17,0,2
BRDA:28,18,0,2
BRDA:28,19,0,2
BRDA:28,20,0,0
BRDA:28,21,0,6
BRDA:28,22,0,4
BRDA:28,23,0,4
BRDA:28,24,0,0
BRDA:28,25,0,8
BRDA:28,26,0,0
BRDA:28,27,0,0
BRDA:28,28,0,0
BRDA:28,29,0,0
BRDA:28,30,0,4
BRDA:28,31,0,4
BRDA:28,32,0,2
BRDA:28,33,0,0
BRDA:28,34,0,0
BRDA:28,35,0,2
BRDA:28,36,0,0
BRDA:28,37,0,1
BRDA:28,38,0,0
BRDA:28,39,0,0
BRDA:28,40,0,0
BRDA:28,41,0,0
BRDA:28,42,0,4
BRDA:28,43,0,1
BRDA:28,44,0,4
BRDA:28,45,0,2
BRDA:28,46,0,1
BRDA:28,47,0,0
BRDA:28,48,0,1
BRDA:28,49,0,0
BRDA:11,50,0,1
BRDA:12,51,0,2
BRDA:17,52,0,2
BRDA:28,53,0,2
BRDA:28,54,0,4
BRDA:18,55,0,2
BRDA:28,56,0,2
BRDA:20,57,0,1
BRF:58
BRH:38
end_of_record
TN:
SF:src\modules\user\services\UpdateProfileService.ts
FN:64,__decorate
FN:64,__metadata
FN:64,__param
FN:64,__awaiter
FN:64,adopt
FN:64,fulfilled
FN:64,rejected
FN:64,step
FN:64,__generator
FN:64,sent
FN:64,g.<computed>
FN:64,verb
FN:64,step
FN:64,__importDefault
FN:17,UpdateProfileService
FN:25,UpdateProfileService.execute
FNF:16
FNH:14
FNDA:1,__decorate
FNDA:1,__metadata
FNDA:2,__param
FNDA:6,__awaiter
FNDA:14,adopt
FNDA:14,fulfilled
FNDA:0,rejected
FNDA:16,step
FNDA:6,__generator
FNDA:14,sent
FNDA:0,g.<computed>
FNDA:18,verb
FNDA:20,step
FNDA:1,__importDefault
FNDA:6,UpdateProfileService
FNDA:6,UpdateProfileService.execute
DA:1,1
DA:2,1
DA:3,1
DA:4,1
DA:5,1
DA:6,1
DA:7,1
DA:8,1
DA:9,1
DA:10,1
DA:11,1
DA:12,1
DA:13,1
DA:14,1
DA:15,1
DA:16,1
DA:17,1
DA:18,6
DA:19,6
DA:20,6
DA:21,6
DA:22,6
DA:23,6
DA:24,1
DA:25,1
DA:26,6
DA:27,6
DA:28,6
DA:29,6
DA:30,6
DA:31,6
DA:32,6
DA:33,6
DA:34,6
DA:35,5
DA:36,5
DA:37,6
DA:38,6
DA:39,6
DA:40,4
DA:41,4
DA:42,4
DA:43,4
DA:44,6
DA:45,6
DA:46,1
DA:47,1
DA:48,3
DA:49,6
DA:50,2
DA:51,2
DA:52,2
DA:53,2
DA:54,6
DA:55,6
DA:56,1
DA:57,1
DA:58,6
DA:59,6
DA:60,6
DA:61,6
DA:62,1
DA:63,1
DA:64,1
LF:64
LH:64
BRDA:64,0,0,1
BRDA:64,1,0,1
BRDA:64,2,0,0
BRDA:64,3,0,0
BRDA:64,4,0,0
BRDA:64,5,0,0
BRDA:64,6,0,1
BRDA:64,7,0,2
BRDA:64,8,0,2
BRDA:64,9,0,6
BRDA:64,10,0,14
BRDA:64,11,0,0
BRDA:64,12,0,6
BRDA:64,13,0,14
BRDA:64,14,0,4
BRDA:64,15,0,16
BRDA:64,16,0,2
BRDA:64,17,0,14
BRDA:64,18,0,6
BRDA:64,19,0,14
BRDA:64,20,0,0
BRDA:64,21,0,18
BRDA:64,22,0,20
BRDA:64,23,0,20
BRDA:64,24,0,0
BRDA:64,25,0,41
BRDA:64,26,0,0
BRDA:64,27,0,0
BRDA:64,28,0,0
BRDA:64,29,0,0
BRDA:64,30,0,20
BRDA:64,31,0,20
BRDA:64,32,0,14
BRDA:64,33,0,0
BRDA:64,34,0,0
BRDA:64,35,0,7
BRDA:64,36,0,0
BRDA:64,37,0,3
BRDA:64,38,0,6
BRDA:64,39,0,1
BRDA:64,40,0,0
BRDA:64,41,0,1
BRDA:64,42,0,0
BRDA:64,43,0,0
BRDA:64,44,0,0
BRDA:64,45,0,21
BRDA:64,46,0,4
BRDA:64,47,0,21
BRDA:64,48,0,6
BRDA:64,49,0,4
BRDA:64,50,0,2
BRDA:64,51,0,0
BRDA:64,52,0,1
BRDA:64,53,0,0
BRDA:16,54,0,1
BRDA:17,55,0,6
BRDA:25,56,0,6
BRDA:64,57,0,6
BRDA:64,58,0,21
BRDA:32,59,0,6
BRDA:64,60,0,6
BRDA:34,61,0,1
BRDA:34,62,0,5
BRDA:64,63,0,5
BRDA:38,64,0,4
BRDA:39,65,0,1
BRDA:39,66,0,4
BRDA:44,67,0,3
BRDA:45,68,0,1
BRDA:47,69,0,3
BRDA:49,70,0,2
BRDA:49,71,0,1
BRDA:49,72,0,2
BRDA:64,73,0,2
BRDA:55,74,0,1
BRDA:64,75,0,1
BRDA:60,76,0,2
BRF:77
BRH:57
end_of_record
TN:
SF:src\modules\user\services\UpdateUserAvatarService.ts
FN:46,__decorate
FN:46,__metadata
FN:46,__param
FN:46,__awaiter
FN:46,adopt
FN:46,fulfilled
FN:46,rejected
FN:46,step
FN:46,__generator
FN:46,sent
FN:46,g.<computed>
FN:46,verb
FN:46,step
FN:46,__importDefault
FN:19,UpdateUserAvatarService
FN:27,UpdateUserAvatarService.execute
FNF:16
FNH:14
FNDA:1,__decorate
FNDA:1,__metadata
FNDA:2,__param
FNDA:4,__awaiter
FNDA:10,adopt
FNDA:10,fulfilled
FNDA:0,rejected
FNDA:13,step
FNDA:4,__generator
FNDA:10,sent
FNDA:0,g.<computed>
FNDA:12,verb
FNDA:14,step
FNDA:1,__importDefault
FNDA:3,UpdateUserAvatarService
FNDA:4,UpdateUserAvatarService.execute
DA:1,1
DA:2,1
DA:3,1
DA:4,1
DA:5,1
DA:6,1
DA:7,1
DA:8,1
DA:9,1
DA:10,1
DA:11,1
DA:12,1
DA:13,1
DA:14,1
DA:15,1
DA:16,1
DA:17,1
DA:18,1
DA:19,1
DA:20,3
DA:21,3
DA:22,3
DA:23,3
DA:24,3
DA:25,3
DA:26,1
DA:27,1
DA:28,4
DA:29,4
DA:30,4
DA:31,4
DA:32,3
DA:33,4
DA:34,1
DA:35,1
DA:36,3
DA:37,3
DA:38,4
DA:39,4
DA:40,4
DA:41,4
DA:42,4
DA:43,4
DA:44,1
DA:45,1
DA:46,1
LF:46
LH:46
BRDA:46,0,0,1
BRDA:46,1,0,1
BRDA:46,2,0,0
BRDA:46,3,0,0
BRDA:46,4,0,0
BRDA:46,5,0,0
BRDA:46,6,0,1
BRDA:46,7,0,2
BRDA:46,8,0,2
BRDA:46,9,0,4
BRDA:46,10,0,10
BRDA:46,11,0,0
BRDA:46,12,0,4
BRDA:46,13,0,10
BRDA:46,14,0,1
BRDA:46,15,0,13
BRDA:46,16,0,3
BRDA:46,17,0,10
BRDA:46,18,0,4
BRDA:46,19,0,10
BRDA:46,20,0,0
BRDA:46,21,0,12
BRDA:46,22,0,14
BRDA:46,23,0,14
BRDA:46,24,0,0
BRDA:46,25,0,28
BRDA:46,26,0,0
BRDA:46,27,0,0
BRDA:46,28,0,0
BRDA:46,29,0,0
BRDA:46,30,0,14
BRDA:46,31,0,14
BRDA:46,32,0,10
BRDA:46,33,0,0
BRDA:46,34,0,0
BRDA:46,35,0,4
BRDA:46,36,0,0
BRDA:46,37,0,3
BRDA:46,38,0,0
BRDA:46,39,0,0
BRDA:46,40,0,0
BRDA:46,41,0,0
BRDA:46,42,0,14
BRDA:46,43,0,1
BRDA:46,44,0,14
BRDA:46,45,0,4
BRDA:46,46,0,1
BRDA:46,47,0,3
BRDA:46,48,0,0
BRDA:46,49,0,1
BRDA:46,50,0,0
BRDA:18,51,0,1
BRDA:19,52,0,3
BRDA:27,53,0,4
BRDA:46,54,0,4
BRDA:46,55,0,14
BRDA:28,56,0,4
BRDA:46,57,0,4
BRDA:31,58,0,1
BRDA:31,59,0,3
BRDA:33,60,0,1
BRDA:35,61,0,3
BRDA:46,62,0,3
BRDA:46,63,0,3
BRF:64
BRH:44
end_of_record
